[0.013s] Invoking command in '/home/luka/ros2_diplpro/build/rovc_comm_mqtt': CMAKE_PREFIX_PATH=${CMAKE_PREFIX_PATH}:/home/luka/ros2_ws/install/teleop_controller:/home/luka/ros2_ws/install/rqt_joint_trajectory_controller:/home/luka/ros2_ws/install/ros2_controllers_test_nodes:/home/luka/ros2_ws/install/marinero_mqtt:/home/luka/ros2_ws/install/marinero_battery:/home/luka/ros2_diplpro/install/sensor_simulator:/opt/ros/humble /usr/bin/cmake --build /home/luka/ros2_diplpro/build/rovc_comm_mqtt -- -j6 -l6
[0.059s] [35m[1mConsolidate compiler generated dependencies of target pub_node[0m
[0.074s] [ 66%] Built target publisher_node
[0.074s] [ 66%] Built target subscriber_node
[0.078s] [ 83%] [32mBuilding CXX object CMakeFiles/pub_node.dir/src/pub_node.cpp.o[0m
[2.205s] [01m[K/home/luka/ros2_diplpro/src/rovc_comm_mqtt/src/pub_node.cpp:[m[K In member function â€˜[01m[Kvoid MqttBridgeNode::declare_and_subscribe(const string&, std::vector<std::shared_ptr<rclcpp::SubscriptionBase> >&)[m[Kâ€™:
[2.206s] [01m[K/home/luka/ros2_diplpro/src/rovc_comm_mqtt/src/pub_node.cpp:42:28:[m[K [01;31m[Kerror: [m[Kno matching function for call to â€˜[01m[KMqttBridgeNode::declare_parameter(const string&)[m[Kâ€™
[2.206s]    42 |     [01;31m[Kthis->declare_parameter(param_name)[m[K;
[2.206s]       |     [01;31m[K~~~~~~~~~~~~~~~~~~~~~~~^~~~~~~~~~~~[m[K
[2.206s] In file included from [01m[K/opt/ros/humble/include/rclcpp/rclcpp/node.hpp:1321[m[K,
[2.206s]                  from [01m[K/opt/ros/humble/include/rclcpp/rclcpp/executors/single_threaded_executor.hpp:28[m[K,
[2.206s]                  from [01m[K/opt/ros/humble/include/rclcpp/rclcpp/executors.hpp:22[m[K,
[2.206s]                  from [01m[K/opt/ros/humble/include/rclcpp/rclcpp/rclcpp.hpp:155[m[K,
[2.206s]                  from [01m[K/home/luka/ros2_diplpro/src/rovc_comm_mqtt/src/pub_node.cpp:1[m[K:
[2.206s] [01m[K/opt/ros/humble/include/rclcpp/rclcpp/node_impl.hpp:195:1:[m[K [01;36m[Knote: [m[Kcandidate: â€˜[01m[Ktemplate<class ParameterT> auto rclcpp::Node::declare_parameter(const string&, const ParameterT&, const ParameterDescriptor&, bool)[m[Kâ€™
[2.206s]   195 | [01;36m[KNode[m[K::declare_parameter(
[2.206s]       | [01;36m[K^~~~[m[K
[2.206s] [01m[K/opt/ros/humble/include/rclcpp/rclcpp/node_impl.hpp:195:1:[m[K [01;36m[Knote: [m[K  template argument deduction/substitution failed:
[2.206s] [01m[K/home/luka/ros2_diplpro/src/rovc_comm_mqtt/src/pub_node.cpp:42:28:[m[K [01;36m[Knote: [m[K  candidate expects 4 arguments, 1 provided
[2.206s]    42 |     [01;36m[Kthis->declare_parameter(param_name)[m[K;
[2.206s]       |     [01;36m[K~~~~~~~~~~~~~~~~~~~~~~~^~~~~~~~~~~~[m[K
[2.206s] In file included from [01m[K/opt/ros/humble/include/rclcpp/rclcpp/executors/single_threaded_executor.hpp:28[m[K,
[2.206s]                  from [01m[K/opt/ros/humble/include/rclcpp/rclcpp/executors.hpp:22[m[K,
[2.207s]                  from [01m[K/opt/ros/humble/include/rclcpp/rclcpp/rclcpp.hpp:155[m[K,
[2.207s]                  from [01m[K/home/luka/ros2_diplpro/src/rovc_comm_mqtt/src/pub_node.cpp:1[m[K:
[2.207s] [01m[K/opt/ros/humble/include/rclcpp/rclcpp/node.hpp:434:3:[m[K [01;36m[Knote: [m[Kcandidate: â€˜[01m[Ktemplate<class ParameterT> auto rclcpp::Node::declare_parameter(const string&, const ParameterDescriptor&, bool)[m[Kâ€™
[2.207s]   434 |   [01;36m[Kdeclare_parameter[m[K(
[2.207s]       |   [01;36m[K^~~~~~~~~~~~~~~~~[m[K
[2.207s] [01m[K/opt/ros/humble/include/rclcpp/rclcpp/node.hpp:434:3:[m[K [01;36m[Knote: [m[K  template argument deduction/substitution failed:
[2.207s] [01m[K/home/luka/ros2_diplpro/src/rovc_comm_mqtt/src/pub_node.cpp:42:28:[m[K [01;36m[Knote: [m[K  couldnâ€™t deduce template parameter â€˜[01m[KParameterT[m[Kâ€™
[2.207s]    42 |     [01;36m[Kthis->declare_parameter(param_name)[m[K;
[2.207s]       |     [01;36m[K~~~~~~~~~~~~~~~~~~~~~~~^~~~~~~~~~~~[m[K
[2.207s] In file included from [01m[K/opt/ros/humble/include/rclcpp/rclcpp/executors/single_threaded_executor.hpp:28[m[K,
[2.207s]                  from [01m[K/opt/ros/humble/include/rclcpp/rclcpp/executors.hpp:22[m[K,
[2.207s]                  from [01m[K/opt/ros/humble/include/rclcpp/rclcpp/rclcpp.hpp:155[m[K,
[2.207s]                  from [01m[K/home/luka/ros2_diplpro/src/rovc_comm_mqtt/src/pub_node.cpp:1[m[K:
[2.207s] [01m[K/opt/ros/humble/include/rclcpp/rclcpp/node.hpp:366:3:[m[K [01;36m[Knote: [m[Kcandidate: â€˜[01m[Kconst rclcpp::ParameterValue& rclcpp::Node::declare_parameter(const string&, const rclcpp::ParameterValue&, const ParameterDescriptor&, bool)[m[Kâ€™
[2.207s]   366 |   [01;36m[Kdeclare_parameter[m[K(
[2.207s]       |   [01;36m[K^~~~~~~~~~~~~~~~~[m[K
[2.207s] [01m[K/opt/ros/humble/include/rclcpp/rclcpp/node.hpp:366:3:[m[K [01;36m[Knote: [m[K  candidate expects 4 arguments, 1 provided
[2.207s] [01m[K/opt/ros/humble/include/rclcpp/rclcpp/node.hpp:391:3:[m[K [01;36m[Knote: [m[Kcandidate: â€˜[01m[Kconst rclcpp::ParameterValue& rclcpp::Node::declare_parameter(const string&, rclcpp::ParameterType, const ParameterDescriptor&, bool)[m[Kâ€™
[2.207s]   391 |   [01;36m[Kdeclare_parameter[m[K(
[2.207s]       |   [01;36m[K^~~~~~~~~~~~~~~~~[m[K
[2.207s] [01m[K/opt/ros/humble/include/rclcpp/rclcpp/node.hpp:391:3:[m[K [01;36m[Knote: [m[K  candidate expects 4 arguments, 1 provided
[2.208s] [01m[K/home/luka/ros2_diplpro/src/rovc_comm_mqtt/src/pub_node.cpp:52:68:[m[K [01;31m[Kerror: [m[Kâ€˜[01m[Kclass rclcpp::Parameter[m[Kâ€™ has no member named â€˜[01m[Kas_string_map[m[Kâ€™; did you mean â€˜[01m[Kas_string[m[Kâ€™?
[2.208s]    52 |     std::unordered_map<std::string, std::string> topic_map = param.[01;31m[Kas_string_map[m[K();
[2.208s]       |                                                                    [01;31m[K^~~~~~~~~~~~~[m[K
[2.208s]       |                                                                    [32m[Kas_string[m[K
[6.440s] gmake[2]: *** [CMakeFiles/pub_node.dir/build.make:76: CMakeFiles/pub_node.dir/src/pub_node.cpp.o] Error 1
[6.440s] gmake[1]: *** [CMakeFiles/Makefile2:193: CMakeFiles/pub_node.dir/all] Error 2
[6.440s] gmake: *** [Makefile:146: all] Error 2
[6.442s] Invoked command in '/home/luka/ros2_diplpro/build/rovc_comm_mqtt' returned '2': CMAKE_PREFIX_PATH=${CMAKE_PREFIX_PATH}:/home/luka/ros2_ws/install/teleop_controller:/home/luka/ros2_ws/install/rqt_joint_trajectory_controller:/home/luka/ros2_ws/install/ros2_controllers_test_nodes:/home/luka/ros2_ws/install/marinero_mqtt:/home/luka/ros2_ws/install/marinero_battery:/home/luka/ros2_diplpro/install/sensor_simulator:/opt/ros/humble /usr/bin/cmake --build /home/luka/ros2_diplpro/build/rovc_comm_mqtt -- -j6 -l6
